2015-02-24 15:45:50,108 [Worker-0] INFO  o.e.m.c.i.l.LifecycleMappingFactory - Using org.eclipse.m2e.jdt.JarLifecycleMapping lifecycle mapping for MavenProject: rest:restapi:0.0.1-SNAPSHOT @ C:\Venky\ATMECS Projects\JerseyRestAPIFW\pom.xml.
2015-02-24 15:45:50,108 [Worker-2] INFO  o.e.m.c.i.l.LifecycleMappingFactory - Using org.eclipse.m2e.jdt.JarLifecycleMapping lifecycle mapping for MavenProject: rest:restapi:0.0.1-SNAPSHOT @ C:\Venky\ATMECS Projects\JerseyRestAPIFW\pom.xml.
2015-02-24 15:45:52,308 [Worker-6] INFO  o.e.m.c.i.l.LifecycleMappingFactory - Using org.eclipse.m2e.jdt.JarLifecycleMapping lifecycle mapping for MavenProject: rest:restapi:0.0.1-SNAPSHOT @ C:\Venky\ATMECS Projects\JerseyRestAPIFW\pom.xml.
2015-02-24 15:45:52,310 [Worker-0] INFO  o.e.m.c.i.embedder.EclipseLogger - Using 'UTF-8' encoding to copy filtered resources.
2015-02-24 15:45:52,328 [Worker-0] INFO  o.e.m.c.i.embedder.EclipseLogger - Copying 2 resources
2015-02-24 15:45:52,339 [Worker-0] INFO  o.e.m.c.i.embedder.EclipseLogger - Using 'UTF-8' encoding to copy filtered resources.
2015-02-24 15:45:52,339 [Worker-0] INFO  o.e.m.c.i.embedder.EclipseLogger - skip non existing resourceDirectory C:\Venky\ATMECS Projects\JerseyRestAPIFW\src\test\resources
2015-02-24 15:45:52,543 [Worker-6] INFO  o.e.m.c.i.l.LifecycleMappingFactory - Using org.eclipse.m2e.jdt.JarLifecycleMapping lifecycle mapping for MavenProject: SoapEnvelopWS:envelop:0.0.1-SNAPSHOT @ C:\Venky\ATMECS Projects\envelop\envelop\pom.xml.
2015-02-24 15:45:52,998 [Worker-6] INFO  o.e.m.c.i.l.LifecycleMappingFactory - Using org.eclipse.m2e.jdt.JarLifecycleMapping lifecycle mapping for MavenProject: rest:restapi:0.0.1-SNAPSHOT @ C:\Venky\ATMECS Projects\JerseyRestAPIFW\pom.xml.
2015-02-24 15:45:53,104 [Worker-6] INFO  o.e.m.c.i.l.LifecycleMappingFactory - Using org.eclipse.m2e.jdt.JarLifecycleMapping lifecycle mapping for MavenProject: SoapEnvelopWS:envelop:0.0.1-SNAPSHOT @ C:\Venky\ATMECS Projects\envelop\envelop\pom.xml.
2015-02-24 15:45:54,020 [Worker-6] INFO  o.e.m.c.i.embedder.EclipseLogger - Using 'UTF-8' encoding to copy filtered resources.
2015-02-24 15:45:54,025 [Worker-6] INFO  o.e.m.c.i.embedder.EclipseLogger - Copying 2 resources
2015-02-24 15:45:54,027 [Worker-6] INFO  o.e.m.c.i.embedder.EclipseLogger - Using 'UTF-8' encoding to copy filtered resources.
2015-02-24 15:45:54,027 [Worker-6] INFO  o.e.m.c.i.embedder.EclipseLogger - skip non existing resourceDirectory C:\Venky\ATMECS Projects\JerseyRestAPIFW\src\test\resources
2015-02-24 15:45:54,205 [Worker-6] INFO  o.e.m.c.i.embedder.EclipseLogger - Using 'UTF-8' encoding to copy filtered resources.
2015-02-24 15:45:54,206 [Worker-6] INFO  o.e.m.c.i.embedder.EclipseLogger - skip non existing resourceDirectory C:\Venky\ATMECS Projects\envelop\envelop\src\main\resources
2015-02-24 15:45:54,211 [Worker-6] INFO  o.e.m.c.i.embedder.EclipseLogger - Using 'UTF-8' encoding to copy filtered resources.
2015-02-24 15:45:54,211 [Worker-6] INFO  o.e.m.c.i.embedder.EclipseLogger - skip non existing resourceDirectory C:\Venky\ATMECS Projects\envelop\envelop\src\test\resources
2015-02-24 15:46:22,906 [Worker-2] INFO  o.e.m.c.i.l.LifecycleMappingFactory - Using org.eclipse.m2e.jdt.JarLifecycleMapping lifecycle mapping for MavenProject: com.atmecs.db:MultiDBConfigProject:0.0.1-SNAPSHOT @ C:\Venky\ATMECS Projects\DBConfig\DBConfig\pom.xml.
2015-02-24 15:46:23,127 [Worker-2] INFO  o.e.m.c.i.embedder.EclipseLogger - Using 'UTF-8' encoding to copy filtered resources.
2015-02-24 15:46:23,127 [Worker-2] INFO  o.e.m.c.i.embedder.EclipseLogger - skip non existing resourceDirectory C:\Venky\ATMECS Projects\DBConfig\DBConfig\src\main\resources
2015-02-24 15:46:23,128 [Worker-2] INFO  o.e.m.c.i.embedder.EclipseLogger - Using 'UTF-8' encoding to copy filtered resources.
2015-02-24 15:46:23,129 [Worker-2] INFO  o.e.m.c.i.embedder.EclipseLogger - skip non existing resourceDirectory C:\Venky\ATMECS Projects\DBConfig\DBConfig\src\test\resources
2015-02-24 15:46:23,297 [Worker-4] INFO  o.e.m.c.i.l.LifecycleMappingFactory - Using org.eclipse.m2e.jdt.JarLifecycleMapping lifecycle mapping for MavenProject: com.atmecs.db:MultiDBConfigProject:0.0.1-SNAPSHOT @ C:\Venky\ATMECS Projects\DBConfig\DBConfig\pom.xml.
2015-02-24 15:46:24,325 [Worker-9] INFO  o.e.m.c.i.embedder.EclipseLogger - Using 'UTF-8' encoding to copy filtered resources.
2015-02-24 15:46:24,326 [Worker-9] INFO  o.e.m.c.i.embedder.EclipseLogger - skip non existing resourceDirectory C:\Venky\ATMECS Projects\DBConfig\DBConfig\src\main\resources
2015-02-24 15:46:24,327 [Worker-9] INFO  o.e.m.c.i.embedder.EclipseLogger - Using 'UTF-8' encoding to copy filtered resources.
2015-02-24 15:46:24,327 [Worker-9] INFO  o.e.m.c.i.embedder.EclipseLogger - skip non existing resourceDirectory C:\Venky\ATMECS Projects\DBConfig\DBConfig\src\test\resources
2015-02-24 15:46:33,356 [Worker-3] INFO  o.e.m.c.i.l.LifecycleMappingFactory - Using org.eclipse.m2e.jdt.JarLifecycleMapping lifecycle mapping for MavenProject: samplespringconfig:SampleSpringConfig:0.0.1-SNAPSHOT @ C:\Venky\ATMECS Projects\SampleSpringConfig\pom.xml.
2015-02-24 15:46:35,005 [Worker-3] INFO  o.e.m.c.i.l.LifecycleMappingFactory - Using org.eclipse.m2e.jdt.JarLifecycleMapping lifecycle mapping for MavenProject: SpringWS:WebServiceTemplateSOAP:0.0.1-SNAPSHOT @ C:\Venky\ATMECS Projects\WebServiceTemplateSOAP\WebServiceTemplateSOAP\pom.xml.
2015-02-24 15:46:35,457 [Worker-2] INFO  o.e.m.c.i.l.LifecycleMappingFactory - Using org.eclipse.m2e.jdt.JarLifecycleMapping lifecycle mapping for MavenProject: xml:MultiSuiteXmlProj:0.0.1-SNAPSHOT @ C:\Venky\ATMECS Projects\MultiSuiteXmlProj\pom.xml.
2015-02-24 15:46:35,566 [Worker-2] INFO  o.e.m.c.i.embedder.EclipseLogger - Using 'UTF-8' encoding to copy filtered resources.
2015-02-24 15:46:35,566 [Worker-2] INFO  o.e.m.c.i.embedder.EclipseLogger - skip non existing resourceDirectory C:\Venky\ATMECS Projects\MultiSuiteXmlProj\src\main\resources
2015-02-24 15:46:35,567 [Worker-2] INFO  o.e.m.c.i.embedder.EclipseLogger - Using 'UTF-8' encoding to copy filtered resources.
2015-02-24 15:46:35,568 [Worker-2] INFO  o.e.m.c.i.embedder.EclipseLogger - skip non existing resourceDirectory C:\Venky\ATMECS Projects\MultiSuiteXmlProj\src\test\resources
2015-02-24 15:46:35,793 [Worker-2] INFO  o.e.m.c.i.l.LifecycleMappingFactory - Using org.eclipse.m2e.jdt.JarLifecycleMapping lifecycle mapping for MavenProject: rest:restapi:0.0.1-SNAPSHOT @ C:\Venky\ATMECS Projects\RestAPIJerseyFramework\RestAPIJerseyFramework\pom.xml.
2015-02-24 15:46:36,140 [Worker-2] INFO  o.e.m.c.i.embedder.EclipseLogger - Using 'UTF-8' encoding to copy filtered resources.
2015-02-24 15:46:36,141 [Worker-2] INFO  o.e.m.c.i.embedder.EclipseLogger - Copying 2 resources
2015-02-24 15:46:36,143 [Worker-2] INFO  o.e.m.c.i.embedder.EclipseLogger - Using 'UTF-8' encoding to copy filtered resources.
2015-02-24 15:46:36,143 [Worker-2] INFO  o.e.m.c.i.embedder.EclipseLogger - skip non existing resourceDirectory C:\Venky\ATMECS Projects\RestAPIJerseyFramework\RestAPIJerseyFramework\src\test\resources
2015-02-24 15:46:36,573 [Worker-4] INFO  o.e.m.c.i.l.LifecycleMappingFactory - Using org.eclipse.m2e.jdt.JarLifecycleMapping lifecycle mapping for MavenProject: samplespringconfig:SampleSpringConfig:0.0.1-SNAPSHOT @ C:\Venky\ATMECS Projects\SampleSpringConfig\pom.xml.
2015-02-24 15:46:36,628 [Worker-2] INFO  o.e.m.c.i.l.LifecycleMappingFactory - Using org.eclipse.m2e.jdt.JarLifecycleMapping lifecycle mapping for MavenProject: soap:SOAPSpringWSProject:0.0.1-SNAPSHOT @ C:\Venky\ATMECS Projects\SOAPSpringWSProject\SOAPSpringWSProject\pom.xml.
2015-02-24 15:46:39,212 [Worker-2] INFO  o.e.m.c.i.embedder.EclipseLogger - Using 'UTF-8' encoding to copy filtered resources.
2015-02-24 15:46:39,214 [Worker-2] INFO  o.e.m.c.i.embedder.EclipseLogger - Copying 2 resources
2015-02-24 15:46:39,218 [Worker-2] INFO  o.e.m.c.i.embedder.EclipseLogger - Using 'UTF-8' encoding to copy filtered resources.
2015-02-24 15:46:39,219 [Worker-2] INFO  o.e.m.c.i.embedder.EclipseLogger - skip non existing resourceDirectory C:\Venky\ATMECS Projects\SOAPSpringWSProject\SOAPSpringWSProject\src\test\resources
2015-02-24 15:46:39,316 [Worker-2] INFO  o.e.m.c.i.l.LifecycleMappingFactory - Using org.eclipse.m2e.jdt.JarLifecycleMapping lifecycle mapping for MavenProject: Sample:SampleMavenJAXB:0.0.1-SNAPSHOT @ C:\Venky\ATMECS Projects\SampleMavenJAXB\pom.xml.
2015-02-24 15:46:39,382 [Worker-2] INFO  o.e.m.c.i.embedder.EclipseLogger - Using 'UTF-8' encoding to copy filtered resources.
2015-02-24 15:46:39,383 [Worker-2] INFO  o.e.m.c.i.embedder.EclipseLogger - Copying 1 resource
2015-02-24 15:46:39,384 [Worker-2] INFO  o.e.m.c.i.embedder.EclipseLogger - Using 'UTF-8' encoding to copy filtered resources.
2015-02-24 15:46:39,385 [Worker-2] INFO  o.e.m.c.i.embedder.EclipseLogger - skip non existing resourceDirectory C:\Venky\ATMECS Projects\SampleMavenJAXB\src\test\resources
2015-02-24 15:46:39,470 [Worker-2] INFO  o.e.m.c.i.l.LifecycleMappingFactory - Using org.eclipse.m2e.jdt.JarLifecycleMapping lifecycle mapping for MavenProject: samplespringconfig:SampleSpringConfig:0.0.1-SNAPSHOT @ C:\Venky\ATMECS Projects\SampleSpringConfig\pom.xml.
2015-02-24 15:46:39,985 [Worker-2] INFO  o.e.m.c.i.embedder.EclipseLogger - Using 'UTF-8' encoding to copy filtered resources.
2015-02-24 15:46:39,985 [Worker-2] INFO  o.e.m.c.i.embedder.EclipseLogger - skip non existing resourceDirectory C:\Venky\ATMECS Projects\SampleSpringConfig\src\main\resources
2015-02-24 15:46:39,986 [Worker-2] INFO  o.e.m.c.i.embedder.EclipseLogger - Using 'UTF-8' encoding to copy filtered resources.
2015-02-24 15:46:39,987 [Worker-2] INFO  o.e.m.c.i.embedder.EclipseLogger - skip non existing resourceDirectory C:\Venky\ATMECS Projects\SampleSpringConfig\src\test\resources
2015-02-24 15:46:41,747 [Worker-2] INFO  o.e.m.c.i.l.LifecycleMappingFactory - Using org.eclipse.m2e.jdt.JarLifecycleMapping lifecycle mapping for MavenProject: com:SeleniumCloudTesting:0.0.1-SNAPSHOT @ C:\Venky\ATMECS Projects\SeleniumCloudTesting\SeleniumCloudTesting\pom.xml.
2015-02-24 15:46:44,685 [Worker-2] INFO  o.e.m.c.i.embedder.EclipseLogger - Using 'UTF-8' encoding to copy filtered resources.
2015-02-24 15:46:44,686 [Worker-2] INFO  o.e.m.c.i.embedder.EclipseLogger - skip non existing resourceDirectory C:\Venky\ATMECS Projects\SeleniumCloudTesting\SeleniumCloudTesting\src\main\resources
2015-02-24 15:46:44,687 [Worker-2] INFO  o.e.m.c.i.embedder.EclipseLogger - Using 'UTF-8' encoding to copy filtered resources.
2015-02-24 15:46:44,687 [Worker-2] INFO  o.e.m.c.i.embedder.EclipseLogger - skip non existing resourceDirectory C:\Venky\ATMECS Projects\SeleniumCloudTesting\SeleniumCloudTesting\src\test\resources
2015-02-24 15:46:45,272 [Worker-9] INFO  o.e.m.c.i.l.LifecycleMappingFactory - Using org.eclipse.m2e.jdt.JarLifecycleMapping lifecycle mapping for MavenProject: samplespringconfig:SampleSpringConfig:0.0.1-SNAPSHOT @ C:\Venky\ATMECS Projects\SampleSpringConfig\pom.xml.
2015-02-24 15:46:45,316 [Worker-2] INFO  o.e.m.c.i.l.LifecycleMappingFactory - Using org.eclipse.m2e.jdt.JarLifecycleMapping lifecycle mapping for MavenProject: com.atmecs.soap.services:Spring-WS-SOAP-FW:0.0.1-SNAPSHOT @ C:\Venky\ATMECS Projects\Spring-WS-SOAP-FW\pom.xml.
2015-02-24 15:46:45,764 [Worker-2] INFO  o.e.m.c.i.embedder.EclipseLogger - Using 'UTF-8' encoding to copy filtered resources.
2015-02-24 15:46:45,765 [Worker-2] INFO  o.e.m.c.i.embedder.EclipseLogger - Copying 4 resources
2015-02-24 15:46:45,767 [Worker-2] INFO  o.e.m.c.i.embedder.EclipseLogger - Using 'UTF-8' encoding to copy filtered resources.
2015-02-24 15:46:45,768 [Worker-2] INFO  o.e.m.c.i.embedder.EclipseLogger - skip non existing resourceDirectory C:\Venky\ATMECS Projects\Spring-WS-SOAP-FW\src\test\resources
2015-02-24 15:46:46,059 [Worker-2] INFO  o.e.m.c.i.l.LifecycleMappingFactory - Using org.eclipse.m2e.jdt.JarLifecycleMapping lifecycle mapping for MavenProject: wsdl2code:WSDL2Java:0.0.1-SNAPSHOT @ C:\Venky\ATMECS Projects\WSDL2Java\pom.xml.
2015-02-24 15:46:46,472 [Worker-2] INFO  o.e.m.c.i.embedder.EclipseLogger - Using 'UTF-8' encoding to copy filtered resources.
2015-02-24 15:46:46,473 [Worker-2] INFO  o.e.m.c.i.embedder.EclipseLogger - Copying 3 resources
2015-02-24 15:46:46,475 [Worker-2] INFO  o.e.m.c.i.embedder.EclipseLogger - Using 'UTF-8' encoding to copy filtered resources.
2015-02-24 15:46:46,475 [Worker-2] INFO  o.e.m.c.i.embedder.EclipseLogger - skip non existing resourceDirectory C:\Venky\ATMECS Projects\WSDL2Java\src\test\resources
2015-02-24 15:46:46,637 [Worker-2] INFO  o.e.m.c.i.l.LifecycleMappingFactory - Using org.eclipse.m2e.jdt.JarLifecycleMapping lifecycle mapping for MavenProject: SpringWS:WebServiceTemplateSOAP:0.0.1-SNAPSHOT @ C:\Venky\ATMECS Projects\WebServiceTemplateSOAP\WebServiceTemplateSOAP\pom.xml.
2015-02-24 15:46:46,667 [Worker-6] INFO  o.e.m.c.i.l.LifecycleMappingFactory - Using org.eclipse.m2e.jdt.JarLifecycleMapping lifecycle mapping for MavenProject: samplespringconfig:SampleSpringConfig:0.0.1-SNAPSHOT @ C:\Venky\ATMECS Projects\SampleSpringConfig\pom.xml.
2015-02-24 15:46:47,071 [Worker-2] INFO  o.e.m.c.i.embedder.EclipseLogger - Using 'UTF-8' encoding to copy filtered resources.
2015-02-24 15:46:47,071 [Worker-2] INFO  o.e.m.c.i.embedder.EclipseLogger - skip non existing resourceDirectory C:\Venky\ATMECS Projects\WebServiceTemplateSOAP\WebServiceTemplateSOAP\src\main\resources
2015-02-24 15:46:47,072 [Worker-2] INFO  o.e.m.c.i.embedder.EclipseLogger - Using 'UTF-8' encoding to copy filtered resources.
2015-02-24 15:46:47,072 [Worker-2] INFO  o.e.m.c.i.embedder.EclipseLogger - skip non existing resourceDirectory C:\Venky\ATMECS Projects\WebServiceTemplateSOAP\WebServiceTemplateSOAP\src\test\resources
2015-02-24 15:46:48,102 [Worker-1] INFO  o.e.m.c.i.l.LifecycleMappingFactory - Using org.eclipse.m2e.jdt.JarLifecycleMapping lifecycle mapping for MavenProject: samplespringconfig:SampleSpringConfig:0.0.1-SNAPSHOT @ C:\Venky\ATMECS Projects\SampleSpringConfig\pom.xml.
2015-02-24 15:46:48,305 [Worker-1] INFO  o.e.m.c.i.l.LifecycleMappingFactory - Using org.eclipse.m2e.jdt.JarLifecycleMapping lifecycle mapping for MavenProject: SpringWS:WebServiceTemplateSOAP:0.0.1-SNAPSHOT @ C:\Venky\ATMECS Projects\WebServiceTemplateSOAP\WebServiceTemplateSOAP\pom.xml.
2015-02-24 15:46:48,452 [Worker-1] INFO  o.e.m.c.i.l.LifecycleMappingFactory - Using org.eclipse.m2e.jdt.JarLifecycleMapping lifecycle mapping for MavenProject: com.atmecs.soap.services:Spring-WS-SOAP-FW:0.0.1-SNAPSHOT @ C:\Venky\ATMECS Projects\Spring-WS-SOAP-FW\pom.xml.
2015-02-24 15:46:48,590 [Worker-1] INFO  o.e.m.c.i.l.LifecycleMappingFactory - Using org.eclipse.m2e.jdt.JarLifecycleMapping lifecycle mapping for MavenProject: xml:MultiSuiteXmlProj:0.0.1-SNAPSHOT @ C:\Venky\ATMECS Projects\MultiSuiteXmlProj\pom.xml.
2015-02-24 15:46:48,661 [Worker-1] INFO  o.e.m.c.i.l.LifecycleMappingFactory - Using org.eclipse.m2e.jdt.JarLifecycleMapping lifecycle mapping for MavenProject: soap:SOAPSpringWSProject:0.0.1-SNAPSHOT @ C:\Venky\ATMECS Projects\SOAPSpringWSProject\SOAPSpringWSProject\pom.xml.
2015-02-24 15:46:49,039 [Worker-1] INFO  o.e.m.c.i.l.LifecycleMappingFactory - Using org.eclipse.m2e.jdt.JarLifecycleMapping lifecycle mapping for MavenProject: wsdl2code:WSDL2Java:0.0.1-SNAPSHOT @ C:\Venky\ATMECS Projects\WSDL2Java\pom.xml.
2015-02-24 15:46:49,172 [Worker-1] INFO  o.e.m.c.i.l.LifecycleMappingFactory - Using org.eclipse.m2e.jdt.JarLifecycleMapping lifecycle mapping for MavenProject: com:SeleniumCloudTesting:0.0.1-SNAPSHOT @ C:\Venky\ATMECS Projects\SeleniumCloudTesting\SeleniumCloudTesting\pom.xml.
2015-02-24 15:46:49,651 [Worker-1] INFO  o.e.m.c.i.l.LifecycleMappingFactory - Using org.eclipse.m2e.jdt.JarLifecycleMapping lifecycle mapping for MavenProject: Sample:SampleMavenJAXB:0.0.1-SNAPSHOT @ C:\Venky\ATMECS Projects\SampleMavenJAXB\pom.xml.
2015-02-24 15:46:49,733 [Worker-1] INFO  o.e.m.c.i.l.LifecycleMappingFactory - Using org.eclipse.m2e.jdt.JarLifecycleMapping lifecycle mapping for MavenProject: rest:restapi:0.0.1-SNAPSHOT @ C:\Venky\ATMECS Projects\RestAPIJerseyFramework\RestAPIJerseyFramework\pom.xml.
2015-02-24 15:46:51,870 [Worker-2] INFO  o.e.m.c.i.embedder.EclipseLogger - Using 'UTF-8' encoding to copy filtered resources.
2015-02-24 15:46:51,870 [Worker-2] INFO  o.e.m.c.i.embedder.EclipseLogger - skip non existing resourceDirectory C:\Venky\ATMECS Projects\MultiSuiteXmlProj\src\main\resources
2015-02-24 15:46:51,872 [Worker-2] INFO  o.e.m.c.i.embedder.EclipseLogger - Using 'UTF-8' encoding to copy filtered resources.
2015-02-24 15:46:51,872 [Worker-2] INFO  o.e.m.c.i.embedder.EclipseLogger - skip non existing resourceDirectory C:\Venky\ATMECS Projects\MultiSuiteXmlProj\src\test\resources
2015-02-24 15:46:52,071 [Worker-2] INFO  o.e.m.c.i.embedder.EclipseLogger - Using 'UTF-8' encoding to copy filtered resources.
2015-02-24 15:46:52,072 [Worker-2] INFO  o.e.m.c.i.embedder.EclipseLogger - Copying 2 resources
2015-02-24 15:46:52,074 [Worker-2] INFO  o.e.m.c.i.embedder.EclipseLogger - Using 'UTF-8' encoding to copy filtered resources.
2015-02-24 15:46:52,075 [Worker-2] INFO  o.e.m.c.i.embedder.EclipseLogger - skip non existing resourceDirectory C:\Venky\ATMECS Projects\RestAPIJerseyFramework\RestAPIJerseyFramework\src\test\resources
2015-02-24 15:46:52,645 [Worker-2] INFO  o.e.m.c.i.embedder.EclipseLogger - Using 'UTF-8' encoding to copy filtered resources.
2015-02-24 15:46:52,646 [Worker-2] INFO  o.e.m.c.i.embedder.EclipseLogger - Copying 2 resources
2015-02-24 15:46:52,648 [Worker-2] INFO  o.e.m.c.i.embedder.EclipseLogger - Using 'UTF-8' encoding to copy filtered resources.
2015-02-24 15:46:52,648 [Worker-2] INFO  o.e.m.c.i.embedder.EclipseLogger - skip non existing resourceDirectory C:\Venky\ATMECS Projects\SOAPSpringWSProject\SOAPSpringWSProject\src\test\resources
2015-02-24 15:46:52,661 [Worker-2] INFO  o.e.m.c.i.embedder.EclipseLogger - Using 'UTF-8' encoding to copy filtered resources.
2015-02-24 15:46:52,662 [Worker-2] INFO  o.e.m.c.i.embedder.EclipseLogger - Copying 0 resource
2015-02-24 15:46:52,663 [Worker-2] INFO  o.e.m.c.i.embedder.EclipseLogger - Using 'UTF-8' encoding to copy filtered resources.
2015-02-24 15:46:52,663 [Worker-2] INFO  o.e.m.c.i.embedder.EclipseLogger - skip non existing resourceDirectory C:\Venky\ATMECS Projects\SampleMavenJAXB\src\test\resources
2015-02-24 15:46:52,930 [Worker-2] INFO  o.e.m.c.i.embedder.EclipseLogger - Using 'UTF-8' encoding to copy filtered resources.
2015-02-24 15:46:52,930 [Worker-2] INFO  o.e.m.c.i.embedder.EclipseLogger - skip non existing resourceDirectory C:\Venky\ATMECS Projects\SampleSpringConfig\src\main\resources
2015-02-24 15:46:52,931 [Worker-2] INFO  o.e.m.c.i.embedder.EclipseLogger - Using 'UTF-8' encoding to copy filtered resources.
2015-02-24 15:46:52,931 [Worker-2] INFO  o.e.m.c.i.embedder.EclipseLogger - skip non existing resourceDirectory C:\Venky\ATMECS Projects\SampleSpringConfig\src\test\resources
2015-02-24 15:46:53,524 [Worker-2] INFO  o.e.m.c.i.embedder.EclipseLogger - Using 'UTF-8' encoding to copy filtered resources.
2015-02-24 15:46:53,524 [Worker-2] INFO  o.e.m.c.i.embedder.EclipseLogger - skip non existing resourceDirectory C:\Venky\ATMECS Projects\SeleniumCloudTesting\SeleniumCloudTesting\src\main\resources
2015-02-24 15:46:53,525 [Worker-2] INFO  o.e.m.c.i.embedder.EclipseLogger - Using 'UTF-8' encoding to copy filtered resources.
2015-02-24 15:46:53,525 [Worker-2] INFO  o.e.m.c.i.embedder.EclipseLogger - skip non existing resourceDirectory C:\Venky\ATMECS Projects\SeleniumCloudTesting\SeleniumCloudTesting\src\test\resources
2015-02-24 15:46:53,887 [Worker-2] INFO  o.e.m.c.i.embedder.EclipseLogger - Using 'UTF-8' encoding to copy filtered resources.
2015-02-24 15:46:53,888 [Worker-2] INFO  o.e.m.c.i.embedder.EclipseLogger - Copying 4 resources
2015-02-24 15:46:53,890 [Worker-2] INFO  o.e.m.c.i.embedder.EclipseLogger - Using 'UTF-8' encoding to copy filtered resources.
2015-02-24 15:46:53,890 [Worker-2] INFO  o.e.m.c.i.embedder.EclipseLogger - skip non existing resourceDirectory C:\Venky\ATMECS Projects\Spring-WS-SOAP-FW\src\test\resources
2015-02-24 15:46:54,189 [Worker-2] INFO  o.e.m.c.i.embedder.EclipseLogger - Using 'UTF-8' encoding to copy filtered resources.
2015-02-24 15:46:54,191 [Worker-2] INFO  o.e.m.c.i.embedder.EclipseLogger - Copying 3 resources
2015-02-24 15:46:54,193 [Worker-2] INFO  o.e.m.c.i.embedder.EclipseLogger - Using 'UTF-8' encoding to copy filtered resources.
2015-02-24 15:46:54,193 [Worker-2] INFO  o.e.m.c.i.embedder.EclipseLogger - skip non existing resourceDirectory C:\Venky\ATMECS Projects\WSDL2Java\src\test\resources
2015-02-24 15:46:54,463 [Worker-2] INFO  o.e.m.c.i.embedder.EclipseLogger - Using 'UTF-8' encoding to copy filtered resources.
2015-02-24 15:46:54,463 [Worker-2] INFO  o.e.m.c.i.embedder.EclipseLogger - skip non existing resourceDirectory C:\Venky\ATMECS Projects\WebServiceTemplateSOAP\WebServiceTemplateSOAP\src\main\resources
2015-02-24 15:46:54,464 [Worker-2] INFO  o.e.m.c.i.embedder.EclipseLogger - Using 'UTF-8' encoding to copy filtered resources.
2015-02-24 15:46:54,464 [Worker-2] INFO  o.e.m.c.i.embedder.EclipseLogger - skip non existing resourceDirectory C:\Venky\ATMECS Projects\WebServiceTemplateSOAP\WebServiceTemplateSOAP\src\test\resources
2015-02-24 15:47:38,735 [Worker-2] INFO  o.e.m.c.i.embedder.EclipseLogger - Using 'UTF-8' encoding to copy filtered resources.
2015-02-24 15:47:38,735 [Worker-2] INFO  o.e.m.c.i.embedder.EclipseLogger - Copying 0 resource
2015-02-24 15:47:38,735 [Worker-2] INFO  o.e.m.c.i.embedder.EclipseLogger - Using 'UTF-8' encoding to copy filtered resources.
2015-02-24 15:47:38,735 [Worker-2] INFO  o.e.m.c.i.embedder.EclipseLogger - skip non existing resourceDirectory C:\Venky\ATMECS Projects\JerseyRestAPIFW\src\test\resources
2015-02-24 15:47:38,797 [Worker-2] INFO  o.e.m.c.i.embedder.EclipseLogger - Using 'UTF-8' encoding to copy filtered resources.
2015-02-24 15:47:38,797 [Worker-2] INFO  o.e.m.c.i.embedder.EclipseLogger - skip non existing resourceDirectory C:\Venky\ATMECS Projects\DBConfig\DBConfig\src\main\resources
2015-02-24 15:47:38,797 [Worker-2] INFO  o.e.m.c.i.embedder.EclipseLogger - Using 'UTF-8' encoding to copy filtered resources.
2015-02-24 15:47:38,797 [Worker-2] INFO  o.e.m.c.i.embedder.EclipseLogger - skip non existing resourceDirectory C:\Venky\ATMECS Projects\DBConfig\DBConfig\src\test\resources
2015-02-24 15:47:38,813 [Worker-2] INFO  o.e.m.c.i.embedder.EclipseLogger - Using 'UTF-8' encoding to copy filtered resources.
2015-02-24 15:47:38,813 [Worker-2] INFO  o.e.m.c.i.embedder.EclipseLogger - skip non existing resourceDirectory C:\Venky\ATMECS Projects\MultiSuiteXmlProj\src\main\resources
2015-02-24 15:47:38,813 [Worker-2] INFO  o.e.m.c.i.embedder.EclipseLogger - Using 'UTF-8' encoding to copy filtered resources.
2015-02-24 15:47:38,813 [Worker-2] INFO  o.e.m.c.i.embedder.EclipseLogger - skip non existing resourceDirectory C:\Venky\ATMECS Projects\MultiSuiteXmlProj\src\test\resources
2015-02-24 15:47:38,953 [Worker-2] INFO  o.e.m.c.i.embedder.EclipseLogger - Using 'UTF-8' encoding to copy filtered resources.
2015-02-24 15:47:38,953 [Worker-2] INFO  o.e.m.c.i.embedder.EclipseLogger - Copying 0 resource
2015-02-24 15:47:38,953 [Worker-2] INFO  o.e.m.c.i.embedder.EclipseLogger - Using 'UTF-8' encoding to copy filtered resources.
2015-02-24 15:47:38,953 [Worker-2] INFO  o.e.m.c.i.embedder.EclipseLogger - skip non existing resourceDirectory C:\Venky\ATMECS Projects\RestAPIJerseyFramework\RestAPIJerseyFramework\src\test\resources
2015-02-24 15:47:39,577 [Worker-2] INFO  o.e.m.c.i.embedder.EclipseLogger - Using 'UTF-8' encoding to copy filtered resources.
2015-02-24 15:47:39,577 [Worker-2] INFO  o.e.m.c.i.embedder.EclipseLogger - Copying 0 resource
2015-02-24 15:47:39,577 [Worker-2] INFO  o.e.m.c.i.embedder.EclipseLogger - Using 'UTF-8' encoding to copy filtered resources.
2015-02-24 15:47:39,577 [Worker-2] INFO  o.e.m.c.i.embedder.EclipseLogger - skip non existing resourceDirectory C:\Venky\ATMECS Projects\SOAPSpringWSProject\SOAPSpringWSProject\src\test\resources
2015-02-24 15:47:39,593 [Worker-2] INFO  o.e.m.c.i.embedder.EclipseLogger - Using 'UTF-8' encoding to copy filtered resources.
2015-02-24 15:47:39,593 [Worker-2] INFO  o.e.m.c.i.embedder.EclipseLogger - Copying 0 resource
2015-02-24 15:47:39,593 [Worker-2] INFO  o.e.m.c.i.embedder.EclipseLogger - Using 'UTF-8' encoding to copy filtered resources.
2015-02-24 15:47:39,593 [Worker-2] INFO  o.e.m.c.i.embedder.EclipseLogger - skip non existing resourceDirectory C:\Venky\ATMECS Projects\SampleMavenJAXB\src\test\resources
2015-02-24 15:47:39,889 [Worker-2] INFO  o.e.m.c.i.embedder.EclipseLogger - Using 'UTF-8' encoding to copy filtered resources.
2015-02-24 15:47:39,889 [Worker-2] INFO  o.e.m.c.i.embedder.EclipseLogger - skip non existing resourceDirectory C:\Venky\ATMECS Projects\SampleSpringConfig\src\main\resources
2015-02-24 15:47:39,889 [Worker-2] INFO  o.e.m.c.i.embedder.EclipseLogger - Using 'UTF-8' encoding to copy filtered resources.
2015-02-24 15:47:39,889 [Worker-2] INFO  o.e.m.c.i.embedder.EclipseLogger - skip non existing resourceDirectory C:\Venky\ATMECS Projects\SampleSpringConfig\src\test\resources
2015-02-24 15:47:40,482 [Worker-2] INFO  o.e.m.c.i.embedder.EclipseLogger - Using 'UTF-8' encoding to copy filtered resources.
2015-02-24 15:47:40,482 [Worker-2] INFO  o.e.m.c.i.embedder.EclipseLogger - skip non existing resourceDirectory C:\Venky\ATMECS Projects\SeleniumCloudTesting\SeleniumCloudTesting\src\main\resources
2015-02-24 15:47:40,482 [Worker-2] INFO  o.e.m.c.i.embedder.EclipseLogger - Using 'UTF-8' encoding to copy filtered resources.
2015-02-24 15:47:40,482 [Worker-2] INFO  o.e.m.c.i.embedder.EclipseLogger - skip non existing resourceDirectory C:\Venky\ATMECS Projects\SeleniumCloudTesting\SeleniumCloudTesting\src\test\resources
2015-02-24 15:47:40,747 [Worker-2] INFO  o.e.m.c.i.embedder.EclipseLogger - Using 'UTF-8' encoding to copy filtered resources.
2015-02-24 15:47:40,763 [Worker-2] INFO  o.e.m.c.i.embedder.EclipseLogger - Copying 0 resource
2015-02-24 15:47:40,763 [Worker-2] INFO  o.e.m.c.i.embedder.EclipseLogger - Using 'UTF-8' encoding to copy filtered resources.
2015-02-24 15:47:40,763 [Worker-2] INFO  o.e.m.c.i.embedder.EclipseLogger - skip non existing resourceDirectory C:\Venky\ATMECS Projects\Spring-WS-SOAP-FW\src\test\resources
2015-02-24 15:47:41,184 [Worker-2] INFO  o.e.m.c.i.embedder.EclipseLogger - Using 'UTF-8' encoding to copy filtered resources.
2015-02-24 15:47:41,184 [Worker-2] INFO  o.e.m.c.i.embedder.EclipseLogger - Copying 0 resource
2015-02-24 15:47:41,184 [Worker-2] INFO  o.e.m.c.i.embedder.EclipseLogger - Using 'UTF-8' encoding to copy filtered resources.
2015-02-24 15:47:41,184 [Worker-2] INFO  o.e.m.c.i.embedder.EclipseLogger - skip non existing resourceDirectory C:\Venky\ATMECS Projects\WSDL2Java\src\test\resources
2015-02-24 15:47:41,449 [Worker-2] INFO  o.e.m.c.i.embedder.EclipseLogger - Using 'UTF-8' encoding to copy filtered resources.
2015-02-24 15:47:41,449 [Worker-2] INFO  o.e.m.c.i.embedder.EclipseLogger - skip non existing resourceDirectory C:\Venky\ATMECS Projects\WebServiceTemplateSOAP\WebServiceTemplateSOAP\src\main\resources
2015-02-24 15:47:41,465 [Worker-2] INFO  o.e.m.c.i.embedder.EclipseLogger - Using 'UTF-8' encoding to copy filtered resources.
2015-02-24 15:47:41,465 [Worker-2] INFO  o.e.m.c.i.embedder.EclipseLogger - skip non existing resourceDirectory C:\Venky\ATMECS Projects\WebServiceTemplateSOAP\WebServiceTemplateSOAP\src\test\resources
2015-02-24 15:47:41,527 [Worker-2] INFO  o.e.m.c.i.embedder.EclipseLogger - Using 'UTF-8' encoding to copy filtered resources.
2015-02-24 15:47:41,527 [Worker-2] INFO  o.e.m.c.i.embedder.EclipseLogger - skip non existing resourceDirectory C:\Venky\ATMECS Projects\envelop\envelop\src\main\resources
2015-02-24 15:47:41,527 [Worker-2] INFO  o.e.m.c.i.embedder.EclipseLogger - Using 'UTF-8' encoding to copy filtered resources.
2015-02-24 15:47:41,527 [Worker-2] INFO  o.e.m.c.i.embedder.EclipseLogger - skip non existing resourceDirectory C:\Venky\ATMECS Projects\envelop\envelop\src\test\resources
